<?xml version="1.0" encoding="UTF-8"?>
<!-- Generated by org.testng.reporters.JUnitReportReporter -->
<testsuite skipped="0" hostname="DESKTOP-KAOVQ46" name="ApiAutomation.testRun.myPedia" tests="2" failures="0" timestamp="14 Dec 2020 20:58:57 GMT" time="11.003" errors="0">
  <testcase name="createAccount" time="9.086" classname="ApiAutomation.testRun.myPedia"/>
  <testcase name="dropDownCheck" time="1.917" classname="ApiAutomation.testRun.myPedia"/>
</testsuite> <!-- ApiAutomation.testRun.myPedia -->
