<?xml version="1.0" encoding="UTF-8"?>
<!-- Generated by org.testng.reporters.JUnitReportReporter -->
<testsuite skipped="0" hostname="DESKTOP-KAOVQ46" name="ApiAutomation.APIDemo.kosmos" tests="1" failures="0" timestamp="14 Dec 2020 01:45:12 GMT" time="6.137" errors="0">
  <testcase name="TestcaseEULA" time="6.137" classname="ApiAutomation.APIDemo.kosmos"/>
</testsuite> <!-- ApiAutomation.APIDemo.kosmos -->
