<?xml version="1.0" encoding="UTF-8"?>
<!-- Generated by org.testng.reporters.JUnitReportReporter -->
<testsuite skipped="0" hostname="DESKTOP-KAOVQ46" name="ApiAutomation.testRun.kosmos" tests="2" failures="0" timestamp="14 Dec 2020 20:58:58 GMT" time="6.037" errors="0">
  <testcase name="TestcaseEULA" time="2.341" classname="ApiAutomation.testRun.kosmos"/>
  <testcase name="Testcase" time="3.696" classname="ApiAutomation.testRun.kosmos"/>
</testsuite> <!-- ApiAutomation.testRun.kosmos -->
